2025-07-04 12:33:19,795 [Worker-7: Loading available Gradle versions] INFO  o.e.b.c.i.u.g.PublishedGradleVersions - Gradle version information cache is not available. Remote download required.
2025-07-04 13:43:29,897 [Worker-38: Launching mavenrun-a1f9d3e1-ccd2-42ab-83c2-b753aad50a41] INFO  o.eclipse.m2e.core.internal.Bundles - getClasspathEntries(Bundle=org.eclipse.m2e.maven.runtime_3.9.900.20250220-2013 [1660])
2025-07-04 13:43:29,899 [Worker-38: Launching mavenrun-a1f9d3e1-ccd2-42ab-83c2-b753aad50a41] INFO  o.eclipse.m2e.core.internal.Bundles - 	Entry: /Users/connermacbookpro/.p2/pool/plugins/org.eclipse.m2e.maven.runtime_3.9.900.20250220-2013
2025-07-04 13:43:29,899 [Worker-38: Launching mavenrun-a1f9d3e1-ccd2-42ab-83c2-b753aad50a41] INFO  o.eclipse.m2e.core.internal.Bundles - 	Entry: /Users/connermacbookpro/.p2/pool/plugins/org.eclipse.m2e.maven.runtime_3.9.900.20250220-2013/jars/aopalliance-1.0.jar
2025-07-04 13:43:29,899 [Worker-38: Launching mavenrun-a1f9d3e1-ccd2-42ab-83c2-b753aad50a41] INFO  o.eclipse.m2e.core.internal.Bundles - 	Entry: /Users/connermacbookpro/.p2/pool/plugins/org.eclipse.m2e.maven.runtime_3.9.900.20250220-2013/jars/guice-5.1.0.jar
2025-07-04 13:43:29,899 [Worker-38: Launching mavenrun-a1f9d3e1-ccd2-42ab-83c2-b753aad50a41] INFO  o.eclipse.m2e.core.internal.Bundles - 	Entry: /Users/connermacbookpro/.p2/pool/plugins/org.eclipse.m2e.maven.runtime_3.9.900.20250220-2013/jars/httpclient-4.5.14.jar
2025-07-04 13:43:29,899 [Worker-38: Launching mavenrun-a1f9d3e1-ccd2-42ab-83c2-b753aad50a41] INFO  o.eclipse.m2e.core.internal.Bundles - 	Entry: /Users/connermacbookpro/.p2/pool/plugins/org.eclipse.m2e.maven.runtime_3.9.900.20250220-2013/jars/httpcore-4.4.16.jar
2025-07-04 13:43:29,899 [Worker-38: Launching mavenrun-a1f9d3e1-ccd2-42ab-83c2-b753aad50a41] INFO  o.eclipse.m2e.core.internal.Bundles - 	Entry: /Users/connermacbookpro/.p2/pool/plugins/org.eclipse.m2e.maven.runtime_3.9.900.20250220-2013/jars/jansi-2.4.1.jar
2025-07-04 13:43:29,899 [Worker-38: Launching mavenrun-a1f9d3e1-ccd2-42ab-83c2-b753aad50a41] INFO  o.eclipse.m2e.core.internal.Bundles - 	Entry: /Users/connermacbookpro/.p2/pool/plugins/org.eclipse.m2e.maven.runtime_3.9.900.20250220-2013/jars/jcl-over-slf4j-1.7.36.jar
2025-07-04 13:43:29,899 [Worker-38: Launching mavenrun-a1f9d3e1-ccd2-42ab-83c2-b753aad50a41] INFO  o.eclipse.m2e.core.internal.Bundles - 	Entry: /Users/connermacbookpro/.p2/pool/plugins/org.eclipse.m2e.maven.runtime_3.9.900.20250220-2013/jars/maven-artifact-3.9.9.jar
2025-07-04 13:43:29,899 [Worker-38: Launching mavenrun-a1f9d3e1-ccd2-42ab-83c2-b753aad50a41] INFO  o.eclipse.m2e.core.internal.Bundles - 	Entry: /Users/connermacbookpro/.p2/pool/plugins/org.eclipse.m2e.maven.runtime_3.9.900.20250220-2013/jars/maven-builder-support-3.9.9.jar
2025-07-04 13:43:29,899 [Worker-38: Launching mavenrun-a1f9d3e1-ccd2-42ab-83c2-b753aad50a41] INFO  o.eclipse.m2e.core.internal.Bundles - 	Entry: /Users/connermacbookpro/.p2/pool/plugins/org.eclipse.m2e.maven.runtime_3.9.900.20250220-2013/jars/maven-compat-3.9.9.jar
2025-07-04 13:43:29,899 [Worker-38: Launching mavenrun-a1f9d3e1-ccd2-42ab-83c2-b753aad50a41] INFO  o.eclipse.m2e.core.internal.Bundles - 	Entry: /Users/connermacbookpro/.p2/pool/plugins/org.eclipse.m2e.maven.runtime_3.9.900.20250220-2013/jars/maven-core-3.9.9.jar
2025-07-04 13:43:29,899 [Worker-38: Launching mavenrun-a1f9d3e1-ccd2-42ab-83c2-b753aad50a41] INFO  o.eclipse.m2e.core.internal.Bundles - 	Entry: /Users/connermacbookpro/.p2/pool/plugins/org.eclipse.m2e.maven.runtime_3.9.900.20250220-2013/jars/maven-embedder-3.9.9.jar
2025-07-04 13:43:29,900 [Worker-38: Launching mavenrun-a1f9d3e1-ccd2-42ab-83c2-b753aad50a41] INFO  o.eclipse.m2e.core.internal.Bundles - 	Entry: /Users/connermacbookpro/.p2/pool/plugins/org.eclipse.m2e.maven.runtime_3.9.900.20250220-2013/jars/maven-model-3.9.9.jar
2025-07-04 13:43:29,900 [Worker-38: Launching mavenrun-a1f9d3e1-ccd2-42ab-83c2-b753aad50a41] INFO  o.eclipse.m2e.core.internal.Bundles - 	Entry: /Users/connermacbookpro/.p2/pool/plugins/org.eclipse.m2e.maven.runtime_3.9.900.20250220-2013/jars/maven-model-builder-3.9.9.jar
2025-07-04 13:43:29,900 [Worker-38: Launching mavenrun-a1f9d3e1-ccd2-42ab-83c2-b753aad50a41] INFO  o.eclipse.m2e.core.internal.Bundles - 	Entry: /Users/connermacbookpro/.p2/pool/plugins/org.eclipse.m2e.maven.runtime_3.9.900.20250220-2013/jars/maven-plugin-api-3.9.9.jar
2025-07-04 13:43:29,900 [Worker-38: Launching mavenrun-a1f9d3e1-ccd2-42ab-83c2-b753aad50a41] INFO  o.eclipse.m2e.core.internal.Bundles - 	Entry: /Users/connermacbookpro/.p2/pool/plugins/org.eclipse.m2e.maven.runtime_3.9.900.20250220-2013/jars/maven-repository-metadata-3.9.9.jar
2025-07-04 13:43:29,900 [Worker-38: Launching mavenrun-a1f9d3e1-ccd2-42ab-83c2-b753aad50a41] INFO  o.eclipse.m2e.core.internal.Bundles - 	Entry: /Users/connermacbookpro/.p2/pool/plugins/org.eclipse.m2e.maven.runtime_3.9.900.20250220-2013/jars/maven-resolver-api-1.9.22.jar
2025-07-04 13:43:29,900 [Worker-38: Launching mavenrun-a1f9d3e1-ccd2-42ab-83c2-b753aad50a41] INFO  o.eclipse.m2e.core.internal.Bundles - 	Entry: /Users/connermacbookpro/.p2/pool/plugins/org.eclipse.m2e.maven.runtime_3.9.900.20250220-2013/jars/maven-resolver-connector-basic-1.9.22.jar
2025-07-04 13:43:29,900 [Worker-38: Launching mavenrun-a1f9d3e1-ccd2-42ab-83c2-b753aad50a41] INFO  o.eclipse.m2e.core.internal.Bundles - 	Entry: /Users/connermacbookpro/.p2/pool/plugins/org.eclipse.m2e.maven.runtime_3.9.900.20250220-2013/jars/maven-resolver-impl-1.9.22.jar
2025-07-04 13:43:29,900 [Worker-38: Launching mavenrun-a1f9d3e1-ccd2-42ab-83c2-b753aad50a41] INFO  o.eclipse.m2e.core.internal.Bundles - 	Entry: /Users/connermacbookpro/.p2/pool/plugins/org.eclipse.m2e.maven.runtime_3.9.900.20250220-2013/jars/maven-resolver-named-locks-1.9.22.jar
2025-07-04 13:43:29,900 [Worker-38: Launching mavenrun-a1f9d3e1-ccd2-42ab-83c2-b753aad50a41] INFO  o.eclipse.m2e.core.internal.Bundles - 	Entry: /Users/connermacbookpro/.p2/pool/plugins/org.eclipse.m2e.maven.runtime_3.9.900.20250220-2013/jars/maven-resolver-provider-3.9.9.jar
2025-07-04 13:43:29,900 [Worker-38: Launching mavenrun-a1f9d3e1-ccd2-42ab-83c2-b753aad50a41] INFO  o.eclipse.m2e.core.internal.Bundles - 	Entry: /Users/connermacbookpro/.p2/pool/plugins/org.eclipse.m2e.maven.runtime_3.9.900.20250220-2013/jars/maven-resolver-spi-1.9.22.jar
2025-07-04 13:43:29,900 [Worker-38: Launching mavenrun-a1f9d3e1-ccd2-42ab-83c2-b753aad50a41] INFO  o.eclipse.m2e.core.internal.Bundles - 	Entry: /Users/connermacbookpro/.p2/pool/plugins/org.eclipse.m2e.maven.runtime_3.9.900.20250220-2013/jars/maven-resolver-transport-file-1.9.22.jar
2025-07-04 13:43:29,900 [Worker-38: Launching mavenrun-a1f9d3e1-ccd2-42ab-83c2-b753aad50a41] INFO  o.eclipse.m2e.core.internal.Bundles - 	Entry: /Users/connermacbookpro/.p2/pool/plugins/org.eclipse.m2e.maven.runtime_3.9.900.20250220-2013/jars/maven-resolver-transport-http-1.9.22.jar
2025-07-04 13:43:29,900 [Worker-38: Launching mavenrun-a1f9d3e1-ccd2-42ab-83c2-b753aad50a41] INFO  o.eclipse.m2e.core.internal.Bundles - 	Entry: /Users/connermacbookpro/.p2/pool/plugins/org.eclipse.m2e.maven.runtime_3.9.900.20250220-2013/jars/maven-resolver-transport-wagon-1.9.22.jar
2025-07-04 13:43:29,900 [Worker-38: Launching mavenrun-a1f9d3e1-ccd2-42ab-83c2-b753aad50a41] INFO  o.eclipse.m2e.core.internal.Bundles - 	Entry: /Users/connermacbookpro/.p2/pool/plugins/org.eclipse.m2e.maven.runtime_3.9.900.20250220-2013/jars/maven-resolver-util-1.9.22.jar
2025-07-04 13:43:29,900 [Worker-38: Launching mavenrun-a1f9d3e1-ccd2-42ab-83c2-b753aad50a41] INFO  o.eclipse.m2e.core.internal.Bundles - 	Entry: /Users/connermacbookpro/.p2/pool/plugins/org.eclipse.m2e.maven.runtime_3.9.900.20250220-2013/jars/maven-settings-3.9.9.jar
2025-07-04 13:43:29,900 [Worker-38: Launching mavenrun-a1f9d3e1-ccd2-42ab-83c2-b753aad50a41] INFO  o.eclipse.m2e.core.internal.Bundles - 	Entry: /Users/connermacbookpro/.p2/pool/plugins/org.eclipse.m2e.maven.runtime_3.9.900.20250220-2013/jars/maven-settings-builder-3.9.9.jar
2025-07-04 13:43:29,900 [Worker-38: Launching mavenrun-a1f9d3e1-ccd2-42ab-83c2-b753aad50a41] INFO  o.eclipse.m2e.core.internal.Bundles - 	Entry: /Users/connermacbookpro/.p2/pool/plugins/org.eclipse.m2e.maven.runtime_3.9.900.20250220-2013/jars/maven-shared-utils-3.4.2.jar
2025-07-04 13:43:29,900 [Worker-38: Launching mavenrun-a1f9d3e1-ccd2-42ab-83c2-b753aad50a41] INFO  o.eclipse.m2e.core.internal.Bundles - 	Entry: /Users/connermacbookpro/.p2/pool/plugins/org.eclipse.m2e.maven.runtime_3.9.900.20250220-2013/jars/org.eclipse.sisu.inject-0.9.0.M3.jar
2025-07-04 13:43:29,900 [Worker-38: Launching mavenrun-a1f9d3e1-ccd2-42ab-83c2-b753aad50a41] INFO  o.eclipse.m2e.core.internal.Bundles - 	Entry: /Users/connermacbookpro/.p2/pool/plugins/org.eclipse.m2e.maven.runtime_3.9.900.20250220-2013/jars/org.eclipse.sisu.plexus-0.9.0.M3.jar
2025-07-04 13:43:29,900 [Worker-38: Launching mavenrun-a1f9d3e1-ccd2-42ab-83c2-b753aad50a41] INFO  o.eclipse.m2e.core.internal.Bundles - 	Entry: /Users/connermacbookpro/.p2/pool/plugins/org.eclipse.m2e.maven.runtime_3.9.900.20250220-2013/jars/plexus-build-api-0.0.7.jar
2025-07-04 13:43:29,900 [Worker-38: Launching mavenrun-a1f9d3e1-ccd2-42ab-83c2-b753aad50a41] INFO  o.eclipse.m2e.core.internal.Bundles - 	Entry: /Users/connermacbookpro/.p2/pool/plugins/org.eclipse.m2e.maven.runtime_3.9.900.20250220-2013/jars/plexus-build-api-1.2.0.jar
2025-07-04 13:43:29,900 [Worker-38: Launching mavenrun-a1f9d3e1-ccd2-42ab-83c2-b753aad50a41] INFO  o.eclipse.m2e.core.internal.Bundles - 	Entry: /Users/connermacbookpro/.p2/pool/plugins/org.eclipse.m2e.maven.runtime_3.9.900.20250220-2013/jars/plexus-cipher-2.0.jar
2025-07-04 13:43:29,900 [Worker-38: Launching mavenrun-a1f9d3e1-ccd2-42ab-83c2-b753aad50a41] INFO  o.eclipse.m2e.core.internal.Bundles - 	Entry: /Users/connermacbookpro/.p2/pool/plugins/org.eclipse.m2e.maven.runtime_3.9.900.20250220-2013/jars/plexus-classworlds-2.8.0.jar
2025-07-04 13:43:29,900 [Worker-38: Launching mavenrun-a1f9d3e1-ccd2-42ab-83c2-b753aad50a41] INFO  o.eclipse.m2e.core.internal.Bundles - 	Entry: /Users/connermacbookpro/.p2/pool/plugins/org.eclipse.m2e.maven.runtime_3.9.900.20250220-2013/jars/plexus-component-annotations-2.1.0.jar
2025-07-04 13:43:29,900 [Worker-38: Launching mavenrun-a1f9d3e1-ccd2-42ab-83c2-b753aad50a41] INFO  o.eclipse.m2e.core.internal.Bundles - 	Entry: /Users/connermacbookpro/.p2/pool/plugins/org.eclipse.m2e.maven.runtime_3.9.900.20250220-2013/jars/plexus-interpolation-1.27.jar
2025-07-04 13:43:29,900 [Worker-38: Launching mavenrun-a1f9d3e1-ccd2-42ab-83c2-b753aad50a41] INFO  o.eclipse.m2e.core.internal.Bundles - 	Entry: /Users/connermacbookpro/.p2/pool/plugins/org.eclipse.m2e.maven.runtime_3.9.900.20250220-2013/jars/plexus-sec-dispatcher-2.0.jar
2025-07-04 13:43:29,900 [Worker-38: Launching mavenrun-a1f9d3e1-ccd2-42ab-83c2-b753aad50a41] INFO  o.eclipse.m2e.core.internal.Bundles - 	Entry: /Users/connermacbookpro/.p2/pool/plugins/org.eclipse.m2e.maven.runtime_3.9.900.20250220-2013/jars/plexus-utils-3.5.1.jar
2025-07-04 13:43:29,900 [Worker-38: Launching mavenrun-a1f9d3e1-ccd2-42ab-83c2-b753aad50a41] INFO  o.eclipse.m2e.core.internal.Bundles - 	Entry: /Users/connermacbookpro/.p2/pool/plugins/org.eclipse.m2e.maven.runtime_3.9.900.20250220-2013/jars/plexus-xml-3.0.1.jar
2025-07-04 13:43:29,900 [Worker-38: Launching mavenrun-a1f9d3e1-ccd2-42ab-83c2-b753aad50a41] INFO  o.eclipse.m2e.core.internal.Bundles - 	Entry: /Users/connermacbookpro/.p2/pool/plugins/org.eclipse.m2e.maven.runtime_3.9.900.20250220-2013/jars/wagon-file-3.5.3.jar
2025-07-04 13:43:29,900 [Worker-38: Launching mavenrun-a1f9d3e1-ccd2-42ab-83c2-b753aad50a41] INFO  o.eclipse.m2e.core.internal.Bundles - 	Entry: /Users/connermacbookpro/.p2/pool/plugins/org.eclipse.m2e.maven.runtime_3.9.900.20250220-2013/jars/wagon-http-3.5.3.jar
2025-07-04 13:43:29,901 [Worker-38: Launching mavenrun-a1f9d3e1-ccd2-42ab-83c2-b753aad50a41] INFO  o.eclipse.m2e.core.internal.Bundles - 	Entry: /Users/connermacbookpro/.p2/pool/plugins/org.eclipse.m2e.maven.runtime_3.9.900.20250220-2013/jars/wagon-http-shared-3.5.3.jar
2025-07-04 13:43:29,901 [Worker-38: Launching mavenrun-a1f9d3e1-ccd2-42ab-83c2-b753aad50a41] INFO  o.eclipse.m2e.core.internal.Bundles - 	Entry: /Users/connermacbookpro/.p2/pool/plugins/org.eclipse.m2e.maven.runtime_3.9.900.20250220-2013/jars/wagon-provider-api-3.5.3.jar
2025-07-04 13:43:29,902 [Worker-38: Launching mavenrun-a1f9d3e1-ccd2-42ab-83c2-b753aad50a41] INFO  o.eclipse.m2e.core.internal.Bundles - getClasspathEntries(Bundle=com.google.guava_33.4.0.jre [1037])
2025-07-04 13:43:29,902 [Worker-38: Launching mavenrun-a1f9d3e1-ccd2-42ab-83c2-b753aad50a41] INFO  o.eclipse.m2e.core.internal.Bundles - 	Entry: /Users/connermacbookpro/.p2/pool/plugins/com.google.guava_33.4.0.jre.jar
2025-07-04 13:43:29,902 [Worker-38: Launching mavenrun-a1f9d3e1-ccd2-42ab-83c2-b753aad50a41] INFO  o.eclipse.m2e.core.internal.Bundles - getClasspathEntries(Bundle=slf4j.api_2.0.17 [2024])
2025-07-04 13:43:29,902 [Worker-38: Launching mavenrun-a1f9d3e1-ccd2-42ab-83c2-b753aad50a41] INFO  o.eclipse.m2e.core.internal.Bundles - 	Entry: /Users/connermacbookpro/.p2/pool/plugins/slf4j.api_2.0.17.jar
2025-07-04 13:43:29,902 [Worker-38: Launching mavenrun-a1f9d3e1-ccd2-42ab-83c2-b753aad50a41] INFO  o.eclipse.m2e.core.internal.Bundles - getClasspathEntries(Bundle=jakarta.inject.jakarta.inject-api_1.0.5 [1059])
2025-07-04 13:43:29,902 [Worker-38: Launching mavenrun-a1f9d3e1-ccd2-42ab-83c2-b753aad50a41] INFO  o.eclipse.m2e.core.internal.Bundles - 	Entry: /Users/connermacbookpro/.p2/pool/plugins/jakarta.inject.jakarta.inject-api_1.0.5.jar
2025-07-04 13:43:29,902 [Worker-38: Launching mavenrun-a1f9d3e1-ccd2-42ab-83c2-b753aad50a41] INFO  o.eclipse.m2e.core.internal.Bundles - getClasspathEntries(Bundle=jakarta.annotation-api_1.3.5 [1054])
2025-07-04 13:43:29,902 [Worker-38: Launching mavenrun-a1f9d3e1-ccd2-42ab-83c2-b753aad50a41] INFO  o.eclipse.m2e.core.internal.Bundles - 	Entry: /Users/connermacbookpro/.p2/pool/plugins/jakarta.annotation-api_1.3.5.jar
2025-07-04 13:43:29,902 [Worker-38: Launching mavenrun-a1f9d3e1-ccd2-42ab-83c2-b753aad50a41] INFO  o.eclipse.m2e.core.internal.Bundles - getClasspathEntries(Bundle=org.apache.commons.cli_1.9.0 [1099])
2025-07-04 13:43:29,902 [Worker-38: Launching mavenrun-a1f9d3e1-ccd2-42ab-83c2-b753aad50a41] INFO  o.eclipse.m2e.core.internal.Bundles - 	Entry: /Users/connermacbookpro/.p2/pool/plugins/org.apache.commons.cli_1.9.0.jar
2025-07-04 13:43:29,902 [Worker-38: Launching mavenrun-a1f9d3e1-ccd2-42ab-83c2-b753aad50a41] INFO  o.eclipse.m2e.core.internal.Bundles - getClasspathEntries(Bundle=org.apache.commons.commons-codec_1.16.0 [1101])
2025-07-04 13:43:29,902 [Worker-38: Launching mavenrun-a1f9d3e1-ccd2-42ab-83c2-b753aad50a41] INFO  o.eclipse.m2e.core.internal.Bundles - 	Entry: /Users/connermacbookpro/.p2/pool/plugins/org.apache.commons.commons-codec_1.16.0.jar
2025-07-04 13:43:29,903 [Worker-38: Launching mavenrun-a1f9d3e1-ccd2-42ab-83c2-b753aad50a41] INFO  o.eclipse.m2e.core.internal.Bundles - getClasspathEntries(Bundle=com.google.guava.failureaccess_1.0.2 [1038])
2025-07-04 13:43:29,903 [Worker-38: Launching mavenrun-a1f9d3e1-ccd2-42ab-83c2-b753aad50a41] INFO  o.eclipse.m2e.core.internal.Bundles - 	Entry: /Users/connermacbookpro/.p2/pool/plugins/com.google.guava.failureaccess_1.0.2.jar
2025-07-04 13:43:29,907 [Worker-38: Launching mavenrun-a1f9d3e1-ccd2-42ab-83c2-b753aad50a41] INFO  o.e.m.i.launch.MavenLaunchDelegate - Run build in "/var/folders/6r/md1td2t14vx7yfq208bcsxw40000gn/T/m2e-archetypeGenerator12630109359619724949":
2025-07-04 13:43:29,909 [Worker-38: Launching mavenrun-a1f9d3e1-ccd2-42ab-83c2-b753aad50a41] INFO  o.e.m.i.launch.MavenLaunchDelegate -  mvn  -D? -DarchetypeGroupId=com.github.ywchang -DarchetypeArtifactId=maven-archetype-quickstart -DarchetypeVersion=1.1 -DgroupId=com.connerhaney.client-management -DartifactId=com.connerhaney.client-management -Dversion=0.0.1-SNAPSHOT -Dpackage=com.connerhaney.client_management.com.connerhaney.client_management -DoutputDirectory=/Users/connermacbookpro/Documents/First_Module_Project -Dstyle.color=always -U archetype:generate
2025-07-04 13:54:48,127 [Worker-6: Loading available Gradle versions] INFO  o.e.b.c.i.u.g.PublishedGradleVersions - Gradle version information cache is up-to-date. Trying to read.
